Build started 2014-06-02 21:51:00.
     1>Project "C:\Users\Paweł\Documents\Visual Studio 2010\Projects\AirHockey\tescixyODE\tescixyODE.vcxproj" on node 2 (build target(s)).
     1>InitializeBuildStatus:
         Creating "Debug\AirHockey.unsuccessfulbuild" because "AlwaysCreate" was specified.
       ClCompile:
         c:\Program Files (x86)\Microsoft Visual Studio 10.0\VC\bin\CL.exe /c /I"F:\Visual\ode-0.13\ode\src" /I"F:\Visual\ode-0.13\include" /I"F:\Visual\ode-0.13\drawstuff\src" /ZI /nologo /W3 /WX- /MP /Od /Oy- /D WIN32 /D _DEBUG /D _CONSOLE /D _MBCS /Gm /EHsc /RTC1 /MDd /GS /fp:precise /Zc:wchar_t /Zc:forScope /Fo"Debug\\" /Fd"Debug\vc100.pdb" /Gd /TP /analyze- /errorReport:prompt main.cpp
         main.cpp
       ResourceCompile:
         All outputs are up-to-date.
       ManifestResourceCompile:
         All outputs are up-to-date.
       Link:
         c:\Program Files (x86)\Microsoft Visual Studio 10.0\VC\bin\link.exe /ERRORREPORT:PROMPT /OUT:"C:\Users\Paweł\Documents\Visual Studio 2010\Projects\AirHockey\Debug\AirHockey.exe" /INCREMENTAL /NOLOGO /LIBPATH:"F:\Visual\ode-0.13\lib\DebugSingleLib" kernel32.lib user32.lib gdi32.lib winspool.lib comdlg32.lib advapi32.lib shell32.lib ole32.lib oleaut32.lib uuid.lib odbc32.lib odbccp32.lib ode_singled.lib opengl32.lib glu32.lib WINMM.LIB ws2_32.lib kernel32.lib user32.lib gdi32.lib winspool.lib comdlg32.lib advapi32.lib shell32.lib ole32.lib oleaut32.lib uuid.lib odbc32.lib odbccp32.lib /MANIFEST /ManifestFile:"Debug\AirHockey.exe.intermediate.manifest" /MANIFESTUAC:"level='asInvoker' uiAccess='false'" /DEBUG /PDB:"C:\Users\Paweł\Documents\Visual Studio 2010\Projects\AirHockey\Debug\AirHockey.pdb" /SUBSYSTEM:CONSOLE /TLBID:1 /DYNAMICBASE /NXCOMPAT /IMPLIB:"C:\Users\Paweł\Documents\Visual Studio 2010\Projects\AirHockey\Debug\AirHockey.lib" /MACHINE:X86 Debug\resources.res
         Debug\AirHockey.exe.embed.manifest.res
         Debug\cSerwer.obj
         Debug\drawstuff.obj
         Debug\windows.obj
         Debug\main.obj
       Manifest:
         C:\Program Files (x86)\Microsoft SDKs\Windows\v7.0A\bin\mt.exe /nologo /verbose /out:"Debug\AirHockey.exe.embed.manifest" /manifest Debug\AirHockey.exe.intermediate.manifest
         All outputs are up-to-date.
       LinkEmbedManifest:
         All outputs are up-to-date.
         tescixyODE.vcxproj -> C:\Users\Paweł\Documents\Visual Studio 2010\Projects\AirHockey\Debug\AirHockey.exe
       FinalizeBuildStatus:
         Deleting file "Debug\AirHockey.unsuccessfulbuild".
         Touching "Debug\AirHockey.lastbuildstate".
     1>Done Building Project "C:\Users\Paweł\Documents\Visual Studio 2010\Projects\AirHockey\tescixyODE\tescixyODE.vcxproj" (build target(s)).

Build succeeded.

Time Elapsed 00:00:03.24
