C:\USERS\PAWEł\DOCUMENTS\VISUAL STUDIO 2010\PROJECTS\TESCIXYODE\DEBUG\TESCIXYODE.EXE
C:\USERS\PAWEł\DOCUMENTS\VISUAL STUDIO 2010\PROJECTS\TESCIXYODE\DEBUG\TESCIXYODE.ILK
C:\USERS\PAWEŁ\DOCUMENTS\VISUAL STUDIO 2010\PROJECTS\TESCIXYODE\DEBUG\TESCIXYODE.PDB
C:\Users\Paweł\Documents\Visual Studio 2010\Projects\tescixyODE\tescixyODE\Debug\cl.command.1.tlog
C:\Users\Paweł\Documents\Visual Studio 2010\Projects\tescixyODE\tescixyODE\Debug\CL.read.1.tlog
C:\Users\Paweł\Documents\Visual Studio 2010\Projects\tescixyODE\tescixyODE\Debug\CL.write.1.tlog
C:\Users\Paweł\Documents\Visual Studio 2010\Projects\tescixyODE\tescixyODE\Debug\link.4256.read.1.tlog
C:\Users\Paweł\Documents\Visual Studio 2010\Projects\tescixyODE\tescixyODE\Debug\link.4256.write.1.tlog
C:\Users\Paweł\Documents\Visual Studio 2010\Projects\tescixyODE\tescixyODE\Debug\link.4256-cvtres.read.1.tlog
C:\Users\Paweł\Documents\Visual Studio 2010\Projects\tescixyODE\tescixyODE\Debug\link.4256-cvtres.write.1.tlog
C:\Users\Paweł\Documents\Visual Studio 2010\Projects\tescixyODE\tescixyODE\Debug\link.command.1.tlog
C:\Users\Paweł\Documents\Visual Studio 2010\Projects\tescixyODE\tescixyODE\Debug\link.read.1.tlog
C:\Users\Paweł\Documents\Visual Studio 2010\Projects\tescixyODE\tescixyODE\Debug\link.write.1.tlog
C:\Users\Paweł\Documents\Visual Studio 2010\Projects\tescixyODE\tescixyODE\Debug\link-cvtres.read.1.tlog
C:\Users\Paweł\Documents\Visual Studio 2010\Projects\tescixyODE\tescixyODE\Debug\link-cvtres.write.1.tlog
C:\USERS\PAWEł\DOCUMENTS\VISUAL STUDIO 2010\PROJECTS\TESCIXYODE\TESCIXYODE\DEBUG\MAIN.OBJ
C:\Users\Paweł\Documents\Visual Studio 2010\Projects\tescixyODE\tescixyODE\Debug\mt.command.1.tlog
C:\Users\Paweł\Documents\Visual Studio 2010\Projects\tescixyODE\tescixyODE\Debug\mt.read.1.tlog
C:\Users\Paweł\Documents\Visual Studio 2010\Projects\tescixyODE\tescixyODE\Debug\mt.write.1.tlog
C:\Users\Paweł\Documents\Visual Studio 2010\Projects\tescixyODE\tescixyODE\Debug\rc.command.1.tlog
C:\Users\Paweł\Documents\Visual Studio 2010\Projects\tescixyODE\tescixyODE\Debug\rc.read.1.tlog
C:\Users\Paweł\Documents\Visual Studio 2010\Projects\tescixyODE\tescixyODE\Debug\rc.write.1.tlog
C:\USERS\PAWEł\DOCUMENTS\VISUAL STUDIO 2010\PROJECTS\TESCIXYODE\TESCIXYODE\DEBUG\TESCIXYODE.EXE.EMBED.MANIFEST
C:\USERS\PAWEł\DOCUMENTS\VISUAL STUDIO 2010\PROJECTS\TESCIXYODE\TESCIXYODE\DEBUG\TESCIXYODE.EXE.EMBED.MANIFEST.RES
C:\USERS\PAWEł\DOCUMENTS\VISUAL STUDIO 2010\PROJECTS\TESCIXYODE\TESCIXYODE\DEBUG\TESCIXYODE.EXE.INTERMEDIATE.MANIFEST
C:\Users\Paweł\Documents\Visual Studio 2010\Projects\tescixyODE\tescixyODE\Debug\tescixyODE.write.1.tlog
C:\Users\Paweł\Documents\Visual Studio 2010\Projects\tescixyODE\tescixyODE\Debug\tescixyODE_manifest.rc
C:\Users\Paweł\Documents\Visual Studio 2010\Projects\tescixyODE\tescixyODE\Debug\vc100.idb
C:\USERS\PAWEŁ\DOCUMENTS\VISUAL STUDIO 2010\PROJECTS\TESCIXYODE\TESCIXYODE\DEBUG\VC100.PDB
