Build started 2014-04-29 15:57:18.
     1>Project "c:\Users\Paweł\documents\visual studio 2010\Projects\AirHockey_klient\AirHockey_klient\AirHockey_klient.vcxproj" on node 2 (build target(s)).
     1>InitializeBuildStatus:
         Creating "Debug\AirHockey_klient.unsuccessfulbuild" because "AlwaysCreate" was specified.
       ClCompile:
         c:\Program Files (x86)\Microsoft Visual Studio 10.0\VC\bin\CL.exe /c /ZI /nologo /W3 /WX- /Od /Oy- /D WIN32 /D _DEBUG /D _CONSOLE /D _UNICODE /D UNICODE /Gm /EHsc /RTC1 /MDd /GS /fp:precise /Zc:wchar_t /Zc:forScope /Fo"Debug\\" /Fd"Debug\vc100.pdb" /Gd /TP /analyze- /errorReport:prompt AirHockey_klient.cpp
         AirHockey_klient.cpp
       ManifestResourceCompile:
         All outputs are up-to-date.
       Link:
         c:\Program Files (x86)\Microsoft Visual Studio 10.0\VC\bin\link.exe /ERRORREPORT:PROMPT /OUT:"c:\users\paweł\documents\visual studio 2010\Projects\AirHockey_klient\Debug\AirHockey_klient.exe" /INCREMENTAL /NOLOGO ws2_32.lib kernel32.lib user32.lib gdi32.lib winspool.lib comdlg32.lib advapi32.lib shell32.lib ole32.lib oleaut32.lib uuid.lib odbc32.lib odbccp32.lib /MANIFEST /ManifestFile:"Debug\AirHockey_klient.exe.intermediate.manifest" /MANIFESTUAC:"level='asInvoker' uiAccess='false'" /DEBUG /PDB:"c:\users\paweł\documents\visual studio 2010\Projects\AirHockey_klient\Debug\AirHockey_klient.pdb" /SUBSYSTEM:CONSOLE /TLBID:1 /DYNAMICBASE /NXCOMPAT /IMPLIB:"c:\users\paweł\documents\visual studio 2010\Projects\AirHockey_klient\Debug\AirHockey_klient.lib" /MACHINE:X86 Debug\AirHockey_klient.exe.embed.manifest.res
         Debug\AirHockey_klient.obj
         Debug\cKlient.obj
       Manifest:
         C:\Program Files (x86)\Microsoft SDKs\Windows\v7.0A\bin\mt.exe /nologo /verbose /out:"Debug\AirHockey_klient.exe.embed.manifest" /manifest Debug\AirHockey_klient.exe.intermediate.manifest
         All outputs are up-to-date.
       LinkEmbedManifest:
         All outputs are up-to-date.
         AirHockey_klient.vcxproj -> c:\users\paweł\documents\visual studio 2010\Projects\AirHockey_klient\Debug\AirHockey_klient.exe
       FinalizeBuildStatus:
         Deleting file "Debug\AirHockey_klient.unsuccessfulbuild".
         Touching "Debug\AirHockey_klient.lastbuildstate".
     1>Done Building Project "c:\Users\Paweł\documents\visual studio 2010\Projects\AirHockey_klient\AirHockey_klient\AirHockey_klient.vcxproj" (build target(s)).

Build succeeded.

Time Elapsed 00:00:01.99
